threads: 1
FW_TILED,1024,32,0.9694
FW_TILED,1024,64,0.2678
FW_TILED,1024,128,0.0596
FW_TILED,1024,256,0.0145
FW_TILED,2048,32,7.5176
FW_TILED,2048,64,1.9490
FW_TILED,2048,128,0.4724
FW_TILED,2048,256,0.1189
FW_TILED,4096,32,60.0359
FW_TILED,4096,64,15.2760
FW_TILED,4096,128,3.8373
FW_TILED,4096,256,0.9448
threads: 2
FW_TILED,1024,32,0.5667
FW_TILED,1024,64,0.1585
FW_TILED,1024,128,0.0457
FW_TILED,1024,256,0.0164
FW_TILED,2048,32,4.3128
FW_TILED,2048,64,1.0657
FW_TILED,2048,128,0.2686
FW_TILED,2048,256,0.0688
FW_TILED,4096,32,33.7863
FW_TILED,4096,64,8.7432
FW_TILED,4096,128,2.1510
FW_TILED,4096,256,0.5770
threads: 4
FW_TILED,1024,32,0.3109
FW_TILED,1024,64,0.0773
FW_TILED,1024,128,0.0285
FW_TILED,1024,256,0.0192
FW_TILED,2048,32,2.3055
FW_TILED,2048,64,0.5816
FW_TILED,2048,128,0.1447
FW_TILED,2048,256,0.0577
FW_TILED,4096,32,17.5887
FW_TILED,4096,64,4.5863
FW_TILED,4096,128,1.1478
FW_TILED,4096,256,0.2908
threads: 6
FW_TILED,1024,32,0.2191
FW_TILED,1024,64,0.0560
FW_TILED,1024,128,0.0232
FW_TILED,1024,256,0.0149
FW_TILED,2048,32,1.5582
FW_TILED,2048,64,0.3768
FW_TILED,2048,128,0.1130
FW_TILED,2048,256,0.0350
FW_TILED,4096,32,12.2955
FW_TILED,4096,64,3.0828
FW_TILED,4096,128,0.8359
FW_TILED,4096,256,0.1982
threads: 8
FW_TILED,1024,32,0.1566
FW_TILED,1024,64,0.0471
FW_TILED,1024,128,0.0225
FW_TILED,1024,256,0.0118
FW_TILED,2048,32,1.2141
FW_TILED,2048,64,0.3003
FW_TILED,2048,128,0.0818
FW_TILED,2048,256,0.0359
FW_TILED,4096,32,9.4369
FW_TILED,4096,64,2.3346
FW_TILED,4096,128,0.5993
FW_TILED,4096,256,0.1677
threads: 16
FW_TILED,1024,32,0.1308
FW_TILED,1024,64,0.0620
FW_TILED,1024,128,0.0316
FW_TILED,1024,256,0.0162
FW_TILED,2048,32,0.7770
FW_TILED,2048,64,0.2283
FW_TILED,2048,128,0.0847
FW_TILED,2048,256,0.0420
FW_TILED,4096,32,6.0559
FW_TILED,4096,64,1.5194
FW_TILED,4096,128,0.4585
FW_TILED,4096,256,0.1469
threads: 32
FW_TILED,1024,32,0.8639
FW_TILED,1024,64,0.1038
FW_TILED,1024,128,0.0534
FW_TILED,1024,256,0.0516
FW_TILED,2048,32,6.4885
FW_TILED,2048,64,1.0036
FW_TILED,2048,128,0.2764
FW_TILED,2048,256,0.2450
FW_TILED,4096,32,57.4964
FW_TILED,4096,64,5.2458
FW_TILED,4096,128,0.6962
FW_TILED,4096,256,0.2234
threads: 64
FW_TILED,1024,32,1.8077
FW_TILED,1024,64,0.2669
FW_TILED,1024,128,0.0682
FW_TILED,1024,256,0.0948
FW_TILED,2048,32,12.8935
FW_TILED,2048,64,1.5996
FW_TILED,2048,128,0.3513
FW_TILED,2048,256,0.2786
FW_TILED,4096,32,91.1954
FW_TILED,4096,64,12.5868
FW_TILED,4096,128,2.2464
FW_TILED,4096,256,0.5243
