threads: 1
FW_TILED,1024,32,0.8402
FW_TILED,1024,64,0.6441
FW_TILED,1024,128,0.6541
FW_TILED,1024,256,0.7804
FW_TILED,2048,32,6.3221
FW_TILED,2048,64,5.1389
FW_TILED,2048,128,4.7439
FW_TILED,2048,256,5.4311
FW_TILED,4096,32,51.9753
FW_TILED,4096,64,41.9891
FW_TILED,4096,128,35.7219
FW_TILED,4096,256,43.2152
threads: 2
FW_TILED,1024,32,0.4589
FW_TILED,1024,64,0.3733
FW_TILED,1024,128,0.4499
FW_TILED,1024,256,0.6624
FW_TILED,2048,32,3.2723
FW_TILED,2048,64,2.6889
FW_TILED,2048,128,2.6747
FW_TILED,2048,256,3.3526
FW_TILED,4096,32,26.3576
FW_TILED,4096,64,21.4384
FW_TILED,4096,128,19.7351
FW_TILED,4096,256,23.5558
threads: 4
FW_TILED,1024,32,0.2388
FW_TILED,1024,64,0.2340
FW_TILED,1024,128,0.3374
FW_TILED,1024,256,0.5752
FW_TILED,2048,32,1.7666
FW_TILED,2048,64,1.5309
FW_TILED,2048,128,1.7202
FW_TILED,2048,256,2.5113
FW_TILED,4096,32,13.8305
FW_TILED,4096,64,11.0679
FW_TILED,4096,128,10.6438
FW_TILED,4096,256,14.1436
threads: 6
FW_TILED,1024,32,0.1947
FW_TILED,1024,64,0.1863
FW_TILED,1024,128,0.2996
FW_TILED,1024,256,0.6313
FW_TILED,2048,32,1.2655
FW_TILED,2048,64,1.1037
FW_TILED,2048,128,1.4408
FW_TILED,2048,256,2.2735
FW_TILED,4096,32,9.6285
FW_TILED,4096,64,7.7468
FW_TILED,4096,128,8.0081
FW_TILED,4096,256,10.9893
threads: 8
FW_TILED,1024,32,0.1550
FW_TILED,1024,64,0.1879
FW_TILED,1024,128,0.2599
FW_TILED,1024,256,0.6310
FW_TILED,2048,32,1.0162
FW_TILED,2048,64,0.9465
FW_TILED,2048,128,1.3046
FW_TILED,2048,256,2.1512
FW_TILED,4096,32,7.4253
FW_TILED,4096,64,6.3297
FW_TILED,4096,128,6.4351
FW_TILED,4096,256,9.5811
threads: 16
FW_TILED,1024,32,0.1780
FW_TILED,1024,64,0.1651
FW_TILED,1024,128,0.3232
FW_TILED,1024,256,0.6155
FW_TILED,2048,32,0.9867
FW_TILED,2048,64,0.9011
FW_TILED,2048,128,1.1803
FW_TILED,2048,256,2.3172
FW_TILED,4096,32,4.4606
FW_TILED,4096,64,4.1642
FW_TILED,4096,128,5.0863
FW_TILED,4096,256,7.7775
threads: 32
FW_TILED,1024,32,0.2281
FW_TILED,1024,64,0.1989
FW_TILED,1024,128,0.3131
FW_TILED,1024,256,0.6389
FW_TILED,2048,32,0.7359
FW_TILED,2048,64,0.7669
FW_TILED,2048,128,1.3340
FW_TILED,2048,256,2.3192
FW_TILED,4096,32,4.3488
FW_TILED,4096,64,3.7418
FW_TILED,4096,128,4.5031
FW_TILED,4096,256,8.5100
threads: 64
FW_TILED,1024,32,0.4235
FW_TILED,1024,64,0.2678
FW_TILED,1024,128,0.4367
FW_TILED,1024,256,0.7118
FW_TILED,2048,32,0.6531
FW_TILED,2048,64,0.8746
FW_TILED,2048,128,1.3207
FW_TILED,2048,256,2.2671
FW_TILED,4096,32,3.6270
FW_TILED,4096,64,3.5390
FW_TILED,4096,128,5.3369
FW_TILED,4096,256,8.5927
