threads: 1
FW_TILED,1024,32,0.8083
FW_TILED,1024,64,0.6626
FW_TILED,1024,128,0.6621
FW_TILED,1024,256,0.7933
FW_TILED,2048,32,6.4463
FW_TILED,2048,64,5.1619
FW_TILED,2048,128,4.6906
FW_TILED,2048,256,5.5976
FW_TILED,4096,32,52.9776
FW_TILED,4096,64,41.9739
FW_TILED,4096,128,36.4324
FW_TILED,4096,256,42.8636
threads: 2
FW_TILED,1024,32,0.4660
FW_TILED,1024,64,0.3621
FW_TILED,1024,128,0.4440
FW_TILED,1024,256,0.5497
FW_TILED,2048,32,3.2561
FW_TILED,2048,64,3.1119
FW_TILED,2048,128,2.6300
FW_TILED,2048,256,3.2808
FW_TILED,4096,32,26.4054
FW_TILED,4096,64,21.1951
FW_TILED,4096,128,19.0599
FW_TILED,4096,256,23.2318
threads: 4
FW_TILED,1024,32,0.2556
FW_TILED,1024,64,0.2405
FW_TILED,1024,128,0.2931
FW_TILED,1024,256,0.5220
FW_TILED,2048,32,1.8403
FW_TILED,2048,64,1.4691
FW_TILED,2048,128,1.5831
FW_TILED,2048,256,2.2416
FW_TILED,4096,32,13.7817
FW_TILED,4096,64,11.2203
FW_TILED,4096,128,10.4552
FW_TILED,4096,256,13.5990
threads: 6
FW_TILED,1024,32,0.1814
FW_TILED,1024,64,0.1991
FW_TILED,1024,128,0.2488
FW_TILED,1024,256,0.4852
FW_TILED,2048,32,1.3321
FW_TILED,2048,64,1.0718
FW_TILED,2048,128,1.2090
FW_TILED,2048,256,1.8876
FW_TILED,4096,32,9.2964
FW_TILED,4096,64,7.7431
FW_TILED,4096,128,7.4494
FW_TILED,4096,256,10.5386
threads: 8
FW_TILED,1024,32,0.1845
FW_TILED,1024,64,0.1730
FW_TILED,1024,128,0.2697
FW_TILED,1024,256,0.5609
FW_TILED,2048,32,1.0423
FW_TILED,2048,64,0.8966
FW_TILED,2048,128,1.1697
FW_TILED,2048,256,1.8326
FW_TILED,4096,32,7.2195
FW_TILED,4096,64,6.2827
FW_TILED,4096,128,6.0802
FW_TILED,4096,256,8.8631
threads: 16
FW_TILED,1024,32,0.1642
FW_TILED,1024,64,0.1351
FW_TILED,1024,128,0.2830
FW_TILED,1024,256,0.5303
FW_TILED,2048,32,0.9548
FW_TILED,2048,64,0.8308
FW_TILED,2048,128,0.9720
FW_TILED,2048,256,1.9081
FW_TILED,4096,32,4.1851
FW_TILED,4096,64,3.8116
FW_TILED,4096,128,4.2432
FW_TILED,4096,256,6.6966
threads: 32
FW_TILED,1024,32,0.1433
FW_TILED,1024,64,0.1626
FW_TILED,1024,128,0.2733
FW_TILED,1024,256,0.4948
FW_TILED,2048,32,0.7924
FW_TILED,2048,64,0.6634
FW_TILED,2048,128,0.9386
FW_TILED,2048,256,1.8550
FW_TILED,4096,32,3.8437
FW_TILED,4096,64,2.9948
FW_TILED,4096,128,3.6124
FW_TILED,4096,256,6.8875
threads: 64
FW_TILED,1024,32,0.2098
FW_TILED,1024,64,0.2831
FW_TILED,1024,128,0.3369
FW_TILED,1024,256,0.6355
FW_TILED,2048,32,0.7824
FW_TILED,2048,64,0.7462
FW_TILED,2048,128,1.0594
FW_TILED,2048,256,2.0510
FW_TILED,4096,32,3.2098
FW_TILED,4096,64,3.0426
FW_TILED,4096,128,3.9202
FW_TILED,4096,256,7.5385
