MT_CONF=0
Nthreads: 1  Runtime(sec): 10  Throughput(Kops/sec): 1550.81
MT_CONF=0,1
Nthreads: 2  Runtime(sec): 10  Throughput(Kops/sec): 3034.70
MT_CONF=0,1,2,3
Nthreads: 4  Runtime(sec): 10  Throughput(Kops/sec): 5336.55
MT_CONF=0,1,2,3,4,5,6,7
Nthreads: 8  Runtime(sec): 10  Throughput(Kops/sec): 2827.56
MT_CONF=0,1,2,3,4,5,6,7,8,9,10,11,12,13,14,15
Nthreads: 16  Runtime(sec): 10  Throughput(Kops/sec): 305.53
MT_CONF=0,1,2,3,4,5,6,7,8,9,10,11,12,13,14,15,16,17,18,19,20,21,22,23,24,25,26,27,28,29,30,31
Nthreads: 32  Runtime(sec): 10  Throughput(Kops/sec): 305.57
MT_CONF=0,1,2,3,4,5,6,7,8,9,10,11,12,13,14,15,16,17,18,19,20,21,22,23,24,25,26,27,28,29,30,31,32,33,34,35,36,37,38,39,40,41,42,43,44,45,46,47,48,49,50,51,52,53,54,55,56,57,58,59,60,61,62,63
Nthreads: 64  Runtime(sec): 10  Throughput(Kops/sec): 151.83
MT_CONF=0
Nthreads: 1  Runtime(sec): 10  Throughput(Kops/sec): 382.10
MT_CONF=0,1
Nthreads: 2  Runtime(sec): 10  Throughput(Kops/sec): 465.26
MT_CONF=0,1,2,3
Nthreads: 4  Runtime(sec): 10  Throughput(Kops/sec): 440.91
MT_CONF=0,1,2,3,4,5,6,7
Nthreads: 8  Runtime(sec): 10  Throughput(Kops/sec): 377.81
MT_CONF=0,1,2,3,4,5,6,7,8,9,10,11,12,13,14,15
Nthreads: 16  Runtime(sec): 10  Throughput(Kops/sec): 203.64
MT_CONF=0,1,2,3,4,5,6,7,8,9,10,11,12,13,14,15,16,17,18,19,20,21,22,23,24,25,26,27,28,29,30,31
Nthreads: 32  Runtime(sec): 10  Throughput(Kops/sec): 173.38
MT_CONF=0,1,2,3,4,5,6,7,8,9,10,11,12,13,14,15,16,17,18,19,20,21,22,23,24,25,26,27,28,29,30,31,32,33,34,35,36,37,38,39,40,41,42,43,44,45,46,47,48,49,50,51,52,53,54,55,56,57,58,59,60,61,62,63
Nthreads: 64  Runtime(sec): 10  Throughput(Kops/sec): 131.07
MT_CONF=0
Nthreads: 1  Runtime(sec): 10  Throughput(Kops/sec): 59.25
MT_CONF=0,1
Nthreads: 2  Runtime(sec): 10  Throughput(Kops/sec): 60.27
MT_CONF=0,1,2,3
Nthreads: 4  Runtime(sec): 10  Throughput(Kops/sec): 57.75
MT_CONF=0,1,2,3,4,5,6,7
Nthreads: 8  Runtime(sec): 10  Throughput(Kops/sec): 52.71
MT_CONF=0,1,2,3,4,5,6,7,8,9,10,11,12,13,14,15
Nthreads: 16  Runtime(sec): 10  Throughput(Kops/sec): 46.45
MT_CONF=0,1,2,3,4,5,6,7,8,9,10,11,12,13,14,15,16,17,18,19,20,21,22,23,24,25,26,27,28,29,30,31
Nthreads: 32  Runtime(sec): 10  Throughput(Kops/sec): 34.21
MT_CONF=0,1,2,3,4,5,6,7,8,9,10,11,12,13,14,15,16,17,18,19,20,21,22,23,24,25,26,27,28,29,30,31,32,33,34,35,36,37,38,39,40,41,42,43,44,45,46,47,48,49,50,51,52,53,54,55,56,57,58,59,60,61,62,63
Nthreads: 64  Runtime(sec): 10  Throughput(Kops/sec): 35.89
