MT_CONF=0
Nthreads: 1  Runtime(sec): 10  Throughput(Kops/sec): 1410.25
MT_CONF=0,1
Nthreads: 2  Runtime(sec): 10  Throughput(Kops/sec): 2740.53
MT_CONF=0,1,2,3
Nthreads: 4  Runtime(sec): 10  Throughput(Kops/sec): 5040.73
MT_CONF=0,1,2,3,4,5,6,7
Nthreads: 8  Runtime(sec): 10  Throughput(Kops/sec): 4156.03
MT_CONF=0,1,2,3,4,5,6,7,8,9,10,11,12,13,14,15
Nthreads: 16  Runtime(sec): 10  Throughput(Kops/sec): 847.46
MT_CONF=0,1,2,3,4,5,6,7,8,9,10,11,12,13,14,15,16,17,18,19,20,21,22,23,24,25,26,27,28,29,30,31
Nthreads: 32  Runtime(sec): 10  Throughput(Kops/sec): 657.96
MT_CONF=0,1,2,3,4,5,6,7,8,9,10,11,12,13,14,15,16,17,18,19,20,21,22,23,24,25,26,27,28,29,30,31,32,33,34,35,36,37,38,39,40,41,42,43,44,45,46,47,48,49,50,51,52,53,54,55,56,57,58,59,60,61,62,63
Nthreads: 64  Runtime(sec): 10  Throughput(Kops/sec): 561.62
MT_CONF=0
Nthreads: 1  Runtime(sec): 10  Throughput(Kops/sec): 377.04
MT_CONF=0,1
Nthreads: 2  Runtime(sec): 10  Throughput(Kops/sec): 441.54
MT_CONF=0,1,2,3
Nthreads: 4  Runtime(sec): 10  Throughput(Kops/sec): 442.63
MT_CONF=0,1,2,3,4,5,6,7
Nthreads: 8  Runtime(sec): 10  Throughput(Kops/sec): 410.56
MT_CONF=0,1,2,3,4,5,6,7,8,9,10,11,12,13,14,15
Nthreads: 16  Runtime(sec): 10  Throughput(Kops/sec): 337.86
MT_CONF=0,1,2,3,4,5,6,7,8,9,10,11,12,13,14,15,16,17,18,19,20,21,22,23,24,25,26,27,28,29,30,31
Nthreads: 32  Runtime(sec): 10  Throughput(Kops/sec): 307.84
MT_CONF=0,1,2,3,4,5,6,7,8,9,10,11,12,13,14,15,16,17,18,19,20,21,22,23,24,25,26,27,28,29,30,31,32,33,34,35,36,37,38,39,40,41,42,43,44,45,46,47,48,49,50,51,52,53,54,55,56,57,58,59,60,61,62,63
Nthreads: 64  Runtime(sec): 10  Throughput(Kops/sec): 280.54
MT_CONF=0
Nthreads: 1  Runtime(sec): 10  Throughput(Kops/sec): 58.68
MT_CONF=0,1
Nthreads: 2  Runtime(sec): 10  Throughput(Kops/sec): 59.14
MT_CONF=0,1,2,3
Nthreads: 4  Runtime(sec): 10  Throughput(Kops/sec): 57.23
MT_CONF=0,1,2,3,4,5,6,7
Nthreads: 8  Runtime(sec): 10  Throughput(Kops/sec): 53.47
MT_CONF=0,1,2,3,4,5,6,7,8,9,10,11,12,13,14,15
Nthreads: 16  Runtime(sec): 10  Throughput(Kops/sec): 52.57
MT_CONF=0,1,2,3,4,5,6,7,8,9,10,11,12,13,14,15,16,17,18,19,20,21,22,23,24,25,26,27,28,29,30,31
Nthreads: 32  Runtime(sec): 10  Throughput(Kops/sec): 51.19
MT_CONF=0,1,2,3,4,5,6,7,8,9,10,11,12,13,14,15,16,17,18,19,20,21,22,23,24,25,26,27,28,29,30,31,32,33,34,35,36,37,38,39,40,41,42,43,44,45,46,47,48,49,50,51,52,53,54,55,56,57,58,59,60,61,62,63
Nthreads: 64  Runtime(sec): 10  Throughput(Kops/sec): 47.76
