MT_CONF=0
Nthreads: 1  Runtime(sec): 10  Throughput(Kops/sec): 1395.55
MT_CONF=0,1
Nthreads: 2  Runtime(sec): 10  Throughput(Kops/sec): 2795.24
MT_CONF=0,1,2,3
Nthreads: 4  Runtime(sec): 10  Throughput(Kops/sec): 5917.71
MT_CONF=0,1,2,3,4,5,6,7
Nthreads: 8  Runtime(sec): 10  Throughput(Kops/sec): 10902.44
MT_CONF=0,1,2,3,4,5,6,7,8,9,10,11,12,13,14,15
Nthreads: 16  Runtime(sec): 10  Throughput(Kops/sec): 21713.11
MT_CONF=0,1,2,3,4,5,6,7,8,9,10,11,12,13,14,15,16,17,18,19,20,21,22,23,24,25,26,27,28,29,30,31
Nthreads: 32  Runtime(sec): 10  Throughput(Kops/sec): 43670.21
MT_CONF=0,1,2,3,4,5,6,7,8,9,10,11,12,13,14,15,16,17,18,19,20,21,22,23,24,25,26,27,28,29,30,31,32,33,34,35,36,37,38,39,40,41,42,43,44,45,46,47,48,49,50,51,52,53,54,55,56,57,58,59,60,61,62,63
Nthreads: 64  Runtime(sec): 10  Throughput(Kops/sec): 69688.13
MT_CONF=0
Nthreads: 1  Runtime(sec): 10  Throughput(Kops/sec): 333.54
MT_CONF=0,1
Nthreads: 2  Runtime(sec): 10  Throughput(Kops/sec): 762.21
MT_CONF=0,1,2,3
Nthreads: 4  Runtime(sec): 10  Throughput(Kops/sec): 1469.58
MT_CONF=0,1,2,3,4,5,6,7
Nthreads: 8  Runtime(sec): 10  Throughput(Kops/sec): 2683.96
MT_CONF=0,1,2,3,4,5,6,7,8,9,10,11,12,13,14,15
Nthreads: 16  Runtime(sec): 10  Throughput(Kops/sec): 5364.90
MT_CONF=0,1,2,3,4,5,6,7,8,9,10,11,12,13,14,15,16,17,18,19,20,21,22,23,24,25,26,27,28,29,30,31
Nthreads: 32  Runtime(sec): 10  Throughput(Kops/sec): 10829.63
MT_CONF=0,1,2,3,4,5,6,7,8,9,10,11,12,13,14,15,16,17,18,19,20,21,22,23,24,25,26,27,28,29,30,31,32,33,34,35,36,37,38,39,40,41,42,43,44,45,46,47,48,49,50,51,52,53,54,55,56,57,58,59,60,61,62,63
Nthreads: 64  Runtime(sec): 10  Throughput(Kops/sec): 18558.04
MT_CONF=0
Nthreads: 1  Runtime(sec): 10  Throughput(Kops/sec): 59.34
MT_CONF=0,1
Nthreads: 2  Runtime(sec): 10  Throughput(Kops/sec): 116.99
MT_CONF=0,1,2,3
Nthreads: 4  Runtime(sec): 10  Throughput(Kops/sec): 226.08
MT_CONF=0,1,2,3,4,5,6,7
Nthreads: 8  Runtime(sec): 10  Throughput(Kops/sec): 415.16
MT_CONF=0,1,2,3,4,5,6,7,8,9,10,11,12,13,14,15
Nthreads: 16  Runtime(sec): 10  Throughput(Kops/sec): 832.06
MT_CONF=0,1,2,3,4,5,6,7,8,9,10,11,12,13,14,15,16,17,18,19,20,21,22,23,24,25,26,27,28,29,30,31
Nthreads: 32  Runtime(sec): 10  Throughput(Kops/sec): 1670.98
MT_CONF=0,1,2,3,4,5,6,7,8,9,10,11,12,13,14,15,16,17,18,19,20,21,22,23,24,25,26,27,28,29,30,31,32,33,34,35,36,37,38,39,40,41,42,43,44,45,46,47,48,49,50,51,52,53,54,55,56,57,58,59,60,61,62,63
Nthreads: 64  Runtime(sec): 10  Throughput(Kops/sec): 2802.73
